<?xml version="1.0" encoding="utf-8"?><testsuites name="pytest tests"><testsuite name="pytest" errors="4" failures="0" skipped="0" tests="24" time="6.503" timestamp="2026-06-05T16:42:31.102985+00:00" hostname="agent-env-6629fc13-479a-4897-a5a8-50a7ae811c90"><testcase classname="backend.tests.test_wallet_photos_admin_crud.TestWalletRBAC" name="test_get_wallet_no_token_401" time="0.731" /><testcase classname="backend.tests.test_wallet_photos_admin_crud.TestWalletRBAC" name="test_get_wallet_other_user_403" time="0.467" /><testcase classname="backend.tests.test_wallet_photos_admin_crud.TestWalletRBAC" name="test_get_wallet_admin_token_403" time="0.451" /><testcase classname="backend.tests.test_wallet_photos_admin_crud.TestWalletRBAC" name="test_get_wallet_owner_200" time="0.165" /><testcase classname="backend.tests.test_wallet_photos_admin_crud.TestWalletAddMoney" name="test_add_money_and_persist" time="0.790" /><testcase classname="backend.tests.test_wallet_photos_admin_crud.TestWalletAddMoney" name="test_add_money_other_user_403" time="0.153" /><testcase classname="backend.tests.test_wallet_photos_admin_crud.TestPhotosCRUD" name="test_save_photo_no_token_401" time="0.144" /><testcase classname="backend.tests.test_wallet_photos_admin_crud.TestPhotosCRUD" name="test_save_photo_other_user_403" time="0.156" /><testcase classname="backend.tests.test_wallet_photos_admin_crud.TestPhotosCRUD" name="test_get_photos_owner_persistence" time="0.163"><error message="failed on setup with &quot;AssertionError: {&quot;detail&quot;:[{&quot;type&quot;:&quot;missing&quot;,&quot;loc&quot;:[&quot;body&quot;,&quot;dimensions&quot;],&quot;msg&quot;:&quot;Field required&quot;,&quot;input&quot;:{&quot;user_id&quot;:&quot;604edcd3-1529-4b98-8311-27a1fbca72f5&quot;,&quot;image_data&quot;:&quot;data:image/png;base64,iVBORw0KGgoAAAANSUhEUgAAAAEAAAABCAQAAAC1HAwCAAAAC0lEQVR42mNkYAAAAAYAAjCB0C8AAAAASUVORK5CYII=&quot;,&quot;name&quot;:&quot;TEST_photo.png&quot;,&quot;is_favorite&quot;:false},&quot;url&quot;:&quot;https://errors.pydantic.dev/2.11/v/missing&quot;},{&quot;type&quot;:&quot;missing&quot;,&quot;loc&quot;:[&quot;body&quot;,&quot;size&quot;],&quot;msg&quot;:&quot;Field required&quot;,&quot;input&quot;:{&quot;user_id&quot;:&quot;604edcd3-1529-4b98-8311-27a1fbca72f5&quot;,&quot;image_data&quot;:&quot;data:image/png;base64,iVBORw0KGgoAAAANSUhEUgAAAAEAAAABCAQAAAC1HAwCAAAAC0lEQVR42mNkYAAAAAYAAjCB0C8AAAAASUVORK5CYII=&quot;,&quot;name&quot;:&quot;TEST_photo.png&quot;,&quot;is_favorite&quot;:false},&quot;url&quot;:&quot;https://errors.pydantic.dev/2.11/v/missing&quot;}]}&#10;assert 422 == 200&#10; +  where 422 = &lt;Response [422]&gt;.status_code&quot;">backend/tests/test_wallet_photos_admin_crud.py:133: in created_photo
    assert r.status_code == 200, r.text
E   AssertionError: {"detail":[{"type":"missing","loc":["body","dimensions"],"msg":"Field required","input":{"user_id":"604edcd3-1529-4b98-8311-27a1fbca72f5","image_data":"data:image/png;base64,iVBORw0KGgoAAAANSUhEUgAAAAEAAAABCAQAAAC1HAwCAAAAC0lEQVR42mNkYAAAAAYAAjCB0C8AAAAASUVORK5CYII=","name":"TEST_photo.png","is_favorite":false},"url":"https://errors.pydantic.dev/2.11/v/missing"},{"type":"missing","loc":["body","size"],"msg":"Field required","input":{"user_id":"604edcd3-1529-4b98-8311-27a1fbca72f5","image_data":"data:image/png;base64,iVBORw0KGgoAAAANSUhEUgAAAAEAAAABCAQAAAC1HAwCAAAAC0lEQVR42mNkYAAAAAYAAjCB0C8AAAAASUVORK5CYII=","name":"TEST_photo.png","is_favorite":false},"url":"https://errors.pydantic.dev/2.11/v/missing"}]}
E   assert 422 == 200
E    +  where 422 = &lt;Response [422]&gt;.status_code</error></testcase><testcase classname="backend.tests.test_wallet_photos_admin_crud.TestPhotosCRUD" name="test_get_photos_other_user_403" time="0.160" /><testcase classname="backend.tests.test_wallet_photos_admin_crud.TestPhotosCRUD" name="test_toggle_favorite" time="0.000"><error message="failed on setup with &quot;AssertionError: {&quot;detail&quot;:[{&quot;type&quot;:&quot;missing&quot;,&quot;loc&quot;:[&quot;body&quot;,&quot;dimensions&quot;],&quot;msg&quot;:&quot;Field required&quot;,&quot;input&quot;:{&quot;user_id&quot;:&quot;604edcd3-1529-4b98-8311-27a1fbca72f5&quot;,&quot;image_data&quot;:&quot;data:image/png;base64,iVBORw0KGgoAAAANSUhEUgAAAAEAAAABCAQAAAC1HAwCAAAAC0lEQVR42mNkYAAAAAYAAjCB0C8AAAAASUVORK5CYII=&quot;,&quot;name&quot;:&quot;TEST_photo.png&quot;,&quot;is_favorite&quot;:false},&quot;url&quot;:&quot;https://errors.pydantic.dev/2.11/v/missing&quot;},{&quot;type&quot;:&quot;missing&quot;,&quot;loc&quot;:[&quot;body&quot;,&quot;size&quot;],&quot;msg&quot;:&quot;Field required&quot;,&quot;input&quot;:{&quot;user_id&quot;:&quot;604edcd3-1529-4b98-8311-27a1fbca72f5&quot;,&quot;image_data&quot;:&quot;data:image/png;base64,iVBORw0KGgoAAAANSUhEUgAAAAEAAAABCAQAAAC1HAwCAAAAC0lEQVR42mNkYAAAAAYAAjCB0C8AAAAASUVORK5CYII=&quot;,&quot;name&quot;:&quot;TEST_photo.png&quot;,&quot;is_favorite&quot;:false},&quot;url&quot;:&quot;https://errors.pydantic.dev/2.11/v/missing&quot;}]}&#10;assert 422 == 200&#10; +  where 422 = &lt;Response [422]&gt;.status_code&quot;">backend/tests/test_wallet_photos_admin_crud.py:133: in created_photo
    assert r.status_code == 200, r.text
E   AssertionError: {"detail":[{"type":"missing","loc":["body","dimensions"],"msg":"Field required","input":{"user_id":"604edcd3-1529-4b98-8311-27a1fbca72f5","image_data":"data:image/png;base64,iVBORw0KGgoAAAANSUhEUgAAAAEAAAABCAQAAAC1HAwCAAAAC0lEQVR42mNkYAAAAAYAAjCB0C8AAAAASUVORK5CYII=","name":"TEST_photo.png","is_favorite":false},"url":"https://errors.pydantic.dev/2.11/v/missing"},{"type":"missing","loc":["body","size"],"msg":"Field required","input":{"user_id":"604edcd3-1529-4b98-8311-27a1fbca72f5","image_data":"data:image/png;base64,iVBORw0KGgoAAAANSUhEUgAAAAEAAAABCAQAAAC1HAwCAAAAC0lEQVR42mNkYAAAAAYAAjCB0C8AAAAASUVORK5CYII=","name":"TEST_photo.png","is_favorite":false},"url":"https://errors.pydantic.dev/2.11/v/missing"}]}
E   assert 422 == 200
E    +  where 422 = &lt;Response [422]&gt;.status_code</error></testcase><testcase classname="backend.tests.test_wallet_photos_admin_crud.TestPhotosCRUD" name="test_use_photo_for_order" time="0.000"><error message="failed on setup with &quot;AssertionError: {&quot;detail&quot;:[{&quot;type&quot;:&quot;missing&quot;,&quot;loc&quot;:[&quot;body&quot;,&quot;dimensions&quot;],&quot;msg&quot;:&quot;Field required&quot;,&quot;input&quot;:{&quot;user_id&quot;:&quot;604edcd3-1529-4b98-8311-27a1fbca72f5&quot;,&quot;image_data&quot;:&quot;data:image/png;base64,iVBORw0KGgoAAAANSUhEUgAAAAEAAAABCAQAAAC1HAwCAAAAC0lEQVR42mNkYAAAAAYAAjCB0C8AAAAASUVORK5CYII=&quot;,&quot;name&quot;:&quot;TEST_photo.png&quot;,&quot;is_favorite&quot;:false},&quot;url&quot;:&quot;https://errors.pydantic.dev/2.11/v/missing&quot;},{&quot;type&quot;:&quot;missing&quot;,&quot;loc&quot;:[&quot;body&quot;,&quot;size&quot;],&quot;msg&quot;:&quot;Field required&quot;,&quot;input&quot;:{&quot;user_id&quot;:&quot;604edcd3-1529-4b98-8311-27a1fbca72f5&quot;,&quot;image_data&quot;:&quot;data:image/png;base64,iVBORw0KGgoAAAANSUhEUgAAAAEAAAABCAQAAAC1HAwCAAAAC0lEQVR42mNkYAAAAAYAAjCB0C8AAAAASUVORK5CYII=&quot;,&quot;name&quot;:&quot;TEST_photo.png&quot;,&quot;is_favorite&quot;:false},&quot;url&quot;:&quot;https://errors.pydantic.dev/2.11/v/missing&quot;}]}&#10;assert 422 == 200&#10; +  where 422 = &lt;Response [422]&gt;.status_code&quot;">backend/tests/test_wallet_photos_admin_crud.py:133: in created_photo
    assert r.status_code == 200, r.text
E   AssertionError: {"detail":[{"type":"missing","loc":["body","dimensions"],"msg":"Field required","input":{"user_id":"604edcd3-1529-4b98-8311-27a1fbca72f5","image_data":"data:image/png;base64,iVBORw0KGgoAAAANSUhEUgAAAAEAAAABCAQAAAC1HAwCAAAAC0lEQVR42mNkYAAAAAYAAjCB0C8AAAAASUVORK5CYII=","name":"TEST_photo.png","is_favorite":false},"url":"https://errors.pydantic.dev/2.11/v/missing"},{"type":"missing","loc":["body","size"],"msg":"Field required","input":{"user_id":"604edcd3-1529-4b98-8311-27a1fbca72f5","image_data":"data:image/png;base64,iVBORw0KGgoAAAANSUhEUgAAAAEAAAABCAQAAAC1HAwCAAAAC0lEQVR42mNkYAAAAAYAAjCB0C8AAAAASUVORK5CYII=","name":"TEST_photo.png","is_favorite":false},"url":"https://errors.pydantic.dev/2.11/v/missing"}]}
E   assert 422 == 200
E    +  where 422 = &lt;Response [422]&gt;.status_code</error></testcase><testcase classname="backend.tests.test_wallet_photos_admin_crud.TestPhotosCRUD" name="test_delete_photo" time="0.000"><error message="failed on setup with &quot;AssertionError: {&quot;detail&quot;:[{&quot;type&quot;:&quot;missing&quot;,&quot;loc&quot;:[&quot;body&quot;,&quot;dimensions&quot;],&quot;msg&quot;:&quot;Field required&quot;,&quot;input&quot;:{&quot;user_id&quot;:&quot;604edcd3-1529-4b98-8311-27a1fbca72f5&quot;,&quot;image_data&quot;:&quot;data:image/png;base64,iVBORw0KGgoAAAANSUhEUgAAAAEAAAABCAQAAAC1HAwCAAAAC0lEQVR42mNkYAAAAAYAAjCB0C8AAAAASUVORK5CYII=&quot;,&quot;name&quot;:&quot;TEST_photo.png&quot;,&quot;is_favorite&quot;:false},&quot;url&quot;:&quot;https://errors.pydantic.dev/2.11/v/missing&quot;},{&quot;type&quot;:&quot;missing&quot;,&quot;loc&quot;:[&quot;body&quot;,&quot;size&quot;],&quot;msg&quot;:&quot;Field required&quot;,&quot;input&quot;:{&quot;user_id&quot;:&quot;604edcd3-1529-4b98-8311-27a1fbca72f5&quot;,&quot;image_data&quot;:&quot;data:image/png;base64,iVBORw0KGgoAAAANSUhEUgAAAAEAAAABCAQAAAC1HAwCAAAAC0lEQVR42mNkYAAAAAYAAjCB0C8AAAAASUVORK5CYII=&quot;,&quot;name&quot;:&quot;TEST_photo.png&quot;,&quot;is_favorite&quot;:false},&quot;url&quot;:&quot;https://errors.pydantic.dev/2.11/v/missing&quot;}]}&#10;assert 422 == 200&#10; +  where 422 = &lt;Response [422]&gt;.status_code&quot;">backend/tests/test_wallet_photos_admin_crud.py:133: in created_photo
    assert r.status_code == 200, r.text
E   AssertionError: {"detail":[{"type":"missing","loc":["body","dimensions"],"msg":"Field required","input":{"user_id":"604edcd3-1529-4b98-8311-27a1fbca72f5","image_data":"data:image/png;base64,iVBORw0KGgoAAAANSUhEUgAAAAEAAAABCAQAAAC1HAwCAAAAC0lEQVR42mNkYAAAAAYAAjCB0C8AAAAASUVORK5CYII=","name":"TEST_photo.png","is_favorite":false},"url":"https://errors.pydantic.dev/2.11/v/missing"},{"type":"missing","loc":["body","size"],"msg":"Field required","input":{"user_id":"604edcd3-1529-4b98-8311-27a1fbca72f5","image_data":"data:image/png;base64,iVBORw0KGgoAAAANSUhEUgAAAAEAAAABCAQAAAC1HAwCAAAAC0lEQVR42mNkYAAAAAYAAjCB0C8AAAAASUVORK5CYII=","name":"TEST_photo.png","is_favorite":false},"url":"https://errors.pydantic.dev/2.11/v/missing"}]}
E   assert 422 == 200
E    +  where 422 = &lt;Response [422]&gt;.status_code</error></testcase><testcase classname="backend.tests.test_wallet_photos_admin_crud.TestAdminWalletAdjust" name="test_user_token_cannot_adjust" time="0.147" /><testcase classname="backend.tests.test_wallet_photos_admin_crud.TestAdminWalletAdjust" name="test_no_token_401" time="0.135" /><testcase classname="backend.tests.test_wallet_photos_admin_crud.TestAdminWalletAdjust" name="test_empty_reason_400" time="0.158" /><testcase classname="backend.tests.test_wallet_photos_admin_crud.TestAdminWalletAdjust" name="test_credit_increases_balance" time="0.607" /><testcase classname="backend.tests.test_wallet_photos_admin_crud.TestAdminWalletAdjust" name="test_debit_decreases_balance" time="0.433" /><testcase classname="backend.tests.test_wallet_photos_admin_crud.TestAdminWalletAdjust" name="test_debit_more_than_balance_400" time="0.157" /><testcase classname="backend.tests.test_wallet_photos_admin_crud.TestAdminProductCRUD" name="test_create_no_admin_token_401_403" time="0.170" /><testcase classname="backend.tests.test_wallet_photos_admin_crud.TestAdminProductCRUD" name="test_create_user_token_403" time="0.179" /><testcase classname="backend.tests.test_wallet_photos_admin_crud.TestAdminProductCRUD" name="test_created_product_in_listing" time="0.305" /><testcase classname="backend.tests.test_wallet_photos_admin_crud.TestAdminProductCRUD" name="test_update_product" time="0.275" /><testcase classname="backend.tests.test_wallet_photos_admin_crud.TestAdminProductCRUD" name="test_delete_product" time="0.319" /></testsuite></testsuites>