<?xml version="1.0" encoding="utf-8"?><testsuites name="pytest tests"><testsuite name="pytest" errors="0" failures="0" skipped="0" tests="8" time="2.352" timestamp="2026-06-05T17:23:35.595970+00:00" hostname="agent-env-6629fc13-479a-4897-a5a8-50a7ae811c90"><testcase classname="backend.tests.test_sprint3_orders_reviews_pin.TestOrders" name="test_create_order_persists_and_returns_invoice_fields" time="0.607" /><testcase classname="backend.tests.test_sprint3_orders_reviews_pin.TestOrders" name="test_orders_empty_for_new_user" time="0.051" /><testcase classname="backend.tests.test_sprint3_orders_reviews_pin.TestGoogleReviews" name="test_google_reviews_mock_fallback" time="0.057" /><testcase classname="backend.tests.test_sprint3_orders_reviews_pin.TestPinReview" name="test_pin_no_token_401_or_403" time="0.306" /><testcase classname="backend.tests.test_sprint3_orders_reviews_pin.TestPinReview" name="test_pin_user_token_403" time="0.146" /><testcase classname="backend.tests.test_sprint3_orders_reviews_pin.TestPinReview" name="test_pin_admin_success_and_listing_pinned_first" time="0.747" /><testcase classname="backend.tests.test_sprint3_orders_reviews_pin.TestPinReview" name="test_pin_nonexistent_404" time="0.201" /><testcase classname="backend.tests.test_sprint3_orders_reviews_pin.TestPinReview" name="test_unpin_admin_success" time="0.128" /></testsuite></testsuites>