<?xml version="1.0" encoding="utf-8"?><testsuites name="pytest tests"><testsuite name="pytest" errors="0" failures="2" skipped="0" tests="27" time="4.818" timestamp="2026-06-05T15:25:08.040334+00:00" hostname="agent-env-6629fc13-479a-4897-a5a8-50a7ae811c90"><testcase classname="backend.tests.test_auth_and_admin.TestUserAuth" name="test_register_duplicate_returns_400" time="0.526" /><testcase classname="backend.tests.test_auth_and_admin.TestUserAuth" name="test_register_short_password_returns_400" time="0.046" /><testcase classname="backend.tests.test_auth_and_admin.TestUserAuth" name="test_login_success" time="0.284" /><testcase classname="backend.tests.test_auth_and_admin.TestUserAuth" name="test_login_wrong_password" time="0.297" /><testcase classname="backend.tests.test_auth_and_admin.TestUserAuth" name="test_me_with_token" time="0.048" /><testcase classname="backend.tests.test_auth_and_admin.TestUserAuth" name="test_me_without_token" time="0.149" /><testcase classname="backend.tests.test_auth_and_admin.TestAdminAuth" name="test_admin_login_wrong" time="0.284" /><testcase classname="backend.tests.test_auth_and_admin.TestAdminAuth" name="test_admin_login_correct" time="0.300" /><testcase classname="backend.tests.test_auth_and_admin.TestAdminRBAC" name="test_no_token_401[/admin/stats]" time="0.144" /><testcase classname="backend.tests.test_auth_and_admin.TestAdminRBAC" name="test_no_token_401[/admin/orders]" time="0.140" /><testcase classname="backend.tests.test_auth_and_admin.TestAdminRBAC" name="test_no_token_401[/admin/reviews]" time="0.158"><failure message="AssertionError: /admin/reviews expected 401/403 got 200&#10;assert 200 in (401, 403)&#10; +  where 200 = &lt;Response [200]&gt;.status_code">E   AssertionError: /admin/reviews expected 401/403 got 200
    assert 200 in (401, 403)
     +  where 200 = &lt;Response [200]&gt;.status_code</failure></testcase><testcase classname="backend.tests.test_auth_and_admin.TestAdminRBAC" name="test_no_token_401[/admin/users]" time="0.146" /><testcase classname="backend.tests.test_auth_and_admin.TestAdminRBAC" name="test_user_token_403[/admin/stats]" time="0.168" /><testcase classname="backend.tests.test_auth_and_admin.TestAdminRBAC" name="test_user_token_403[/admin/orders]" time="0.139" /><testcase classname="backend.tests.test_auth_and_admin.TestAdminRBAC" name="test_user_token_403[/admin/reviews]" time="0.137"><failure message="AssertionError: /admin/reviews expected 403 got 200&#10;assert 200 == 403&#10; +  where 200 = &lt;Response [200]&gt;.status_code">E   AssertionError: /admin/reviews expected 403 got 200
    assert 200 == 403
     +  where 200 = &lt;Response [200]&gt;.status_code</failure></testcase><testcase classname="backend.tests.test_auth_and_admin.TestAdminRBAC" name="test_user_token_403[/admin/users]" time="0.132" /><testcase classname="backend.tests.test_auth_and_admin.TestAdminRBAC" name="test_admin_token_200[/admin/stats]" time="0.162" /><testcase classname="backend.tests.test_auth_and_admin.TestAdminRBAC" name="test_admin_token_200[/admin/orders]" time="0.141" /><testcase classname="backend.tests.test_auth_and_admin.TestAdminRBAC" name="test_admin_token_200[/admin/reviews]" time="0.137" /><testcase classname="backend.tests.test_auth_and_admin.TestAdminRBAC" name="test_admin_token_200[/admin/users]" time="0.143" /><testcase classname="backend.tests.test_auth_and_admin.TestAdminEnrichment" name="test_stats_shape" time="0.157" /><testcase classname="backend.tests.test_auth_and_admin.TestAdminEnrichment" name="test_orders_enriched" time="0.142" /><testcase classname="backend.tests.test_auth_and_admin.TestAdminEnrichment" name="test_products_listing" time="0.156" /><testcase classname="backend.tests.test_auth_and_admin.TestAdminWriteRBAC" name="test_update_product_no_token" time="0.132" /><testcase classname="backend.tests.test_auth_and_admin.TestAdminWriteRBAC" name="test_update_product_user_token" time="0.131" /><testcase classname="backend.tests.test_auth_and_admin.TestAdminWriteRBAC" name="test_approve_review_no_token" time="0.156" /><testcase classname="backend.tests.test_auth_and_admin.TestAdminWriteRBAC" name="test_order_status_user_token" time="0.130" /></testsuite></testsuites>