<?xml version="1.0" encoding="utf-8"?><testsuites name="pytest tests"><testsuite name="pytest" errors="0" failures="0" skipped="0" tests="51" time="11.624" timestamp="2026-06-05T16:43:16.595148+00:00" hostname="agent-env-6629fc13-479a-4897-a5a8-50a7ae811c90"><testcase classname="backend.tests.test_auth_and_admin.TestUserAuth" name="test_register_duplicate_returns_400" time="0.508" /><testcase classname="backend.tests.test_auth_and_admin.TestUserAuth" name="test_register_short_password_returns_400" time="0.050" /><testcase classname="backend.tests.test_auth_and_admin.TestUserAuth" name="test_login_success" time="0.315" /><testcase classname="backend.tests.test_auth_and_admin.TestUserAuth" name="test_login_wrong_password" time="0.312" /><testcase classname="backend.tests.test_auth_and_admin.TestUserAuth" name="test_me_with_token" time="0.052" /><testcase classname="backend.tests.test_auth_and_admin.TestUserAuth" name="test_me_without_token" time="0.158" /><testcase classname="backend.tests.test_auth_and_admin.TestAdminAuth" name="test_admin_login_wrong" time="0.347" /><testcase classname="backend.tests.test_auth_and_admin.TestAdminAuth" name="test_admin_login_correct" time="0.327" /><testcase classname="backend.tests.test_auth_and_admin.TestAdminRBAC" name="test_no_token_401[/admin/stats]" time="0.134" /><testcase classname="backend.tests.test_auth_and_admin.TestAdminRBAC" name="test_no_token_401[/admin/orders]" time="0.149" /><testcase classname="backend.tests.test_auth_and_admin.TestAdminRBAC" name="test_no_token_401[/admin/reviews]" time="0.137" /><testcase classname="backend.tests.test_auth_and_admin.TestAdminRBAC" name="test_no_token_401[/admin/users]" time="0.155" /><testcase classname="backend.tests.test_auth_and_admin.TestAdminRBAC" name="test_user_token_403[/admin/stats]" time="0.151" /><testcase classname="backend.tests.test_auth_and_admin.TestAdminRBAC" name="test_user_token_403[/admin/orders]" time="0.163" /><testcase classname="backend.tests.test_auth_and_admin.TestAdminRBAC" name="test_user_token_403[/admin/reviews]" time="0.135" /><testcase classname="backend.tests.test_auth_and_admin.TestAdminRBAC" name="test_user_token_403[/admin/users]" time="0.148" /><testcase classname="backend.tests.test_auth_and_admin.TestAdminRBAC" name="test_admin_token_200[/admin/stats]" time="0.152" /><testcase classname="backend.tests.test_auth_and_admin.TestAdminRBAC" name="test_admin_token_200[/admin/orders]" time="0.150" /><testcase classname="backend.tests.test_auth_and_admin.TestAdminRBAC" name="test_admin_token_200[/admin/reviews]" time="0.138" /><testcase classname="backend.tests.test_auth_and_admin.TestAdminRBAC" name="test_admin_token_200[/admin/users]" time="0.163" /><testcase classname="backend.tests.test_auth_and_admin.TestAdminEnrichment" name="test_stats_shape" time="0.144" /><testcase classname="backend.tests.test_auth_and_admin.TestAdminEnrichment" name="test_orders_enriched" time="0.163" /><testcase classname="backend.tests.test_auth_and_admin.TestAdminEnrichment" name="test_products_listing" time="0.135" /><testcase classname="backend.tests.test_auth_and_admin.TestAdminWriteRBAC" name="test_update_product_no_token" time="0.150" /><testcase classname="backend.tests.test_auth_and_admin.TestAdminWriteRBAC" name="test_update_product_user_token" time="0.164" /><testcase classname="backend.tests.test_auth_and_admin.TestAdminWriteRBAC" name="test_approve_review_no_token" time="0.147" /><testcase classname="backend.tests.test_auth_and_admin.TestAdminWriteRBAC" name="test_order_status_user_token" time="0.149" /><testcase classname="backend.tests.test_wallet_photos_admin_crud.TestWalletRBAC" name="test_get_wallet_no_token_401" time="0.556" /><testcase classname="backend.tests.test_wallet_photos_admin_crud.TestWalletRBAC" name="test_get_wallet_other_user_403" time="0.459" /><testcase classname="backend.tests.test_wallet_photos_admin_crud.TestWalletRBAC" name="test_get_wallet_admin_token_403" time="0.453" /><testcase classname="backend.tests.test_wallet_photos_admin_crud.TestWalletRBAC" name="test_get_wallet_owner_200" time="0.171" /><testcase classname="backend.tests.test_wallet_photos_admin_crud.TestWalletAddMoney" name="test_add_money_and_persist" time="0.579" /><testcase classname="backend.tests.test_wallet_photos_admin_crud.TestWalletAddMoney" name="test_add_money_other_user_403" time="0.149" /><testcase classname="backend.tests.test_wallet_photos_admin_crud.TestPhotosCRUD" name="test_save_photo_no_token_401" time="0.174" /><testcase classname="backend.tests.test_wallet_photos_admin_crud.TestPhotosCRUD" name="test_save_photo_other_user_403" time="0.156" /><testcase classname="backend.tests.test_wallet_photos_admin_crud.TestPhotosCRUD" name="test_get_photos_owner_persistence" time="0.328" /><testcase classname="backend.tests.test_wallet_photos_admin_crud.TestPhotosCRUD" name="test_get_photos_other_user_403" time="0.140" /><testcase classname="backend.tests.test_wallet_photos_admin_crud.TestPhotosCRUD" name="test_toggle_favorite" time="0.140" /><testcase classname="backend.tests.test_wallet_photos_admin_crud.TestPhotosCRUD" name="test_use_photo_for_order" time="0.159" /><testcase classname="backend.tests.test_wallet_photos_admin_crud.TestPhotosCRUD" name="test_delete_photo" time="0.296" /><testcase classname="backend.tests.test_wallet_photos_admin_crud.TestAdminWalletAdjust" name="test_user_token_cannot_adjust" time="0.138" /><testcase classname="backend.tests.test_wallet_photos_admin_crud.TestAdminWalletAdjust" name="test_no_token_401" time="0.138" /><testcase classname="backend.tests.test_wallet_photos_admin_crud.TestAdminWalletAdjust" name="test_empty_reason_400" time="0.136" /><testcase classname="backend.tests.test_wallet_photos_admin_crud.TestAdminWalletAdjust" name="test_credit_increases_balance" time="0.611" /><testcase classname="backend.tests.test_wallet_photos_admin_crud.TestAdminWalletAdjust" name="test_debit_decreases_balance" time="0.432" /><testcase classname="backend.tests.test_wallet_photos_admin_crud.TestAdminWalletAdjust" name="test_debit_more_than_balance_400" time="0.148" /><testcase classname="backend.tests.test_wallet_photos_admin_crud.TestAdminProductCRUD" name="test_create_no_admin_token_401_403" time="0.143" /><testcase classname="backend.tests.test_wallet_photos_admin_crud.TestAdminProductCRUD" name="test_create_user_token_403" time="0.196" /><testcase classname="backend.tests.test_wallet_photos_admin_crud.TestAdminProductCRUD" name="test_created_product_in_listing" time="0.311" /><testcase classname="backend.tests.test_wallet_photos_admin_crud.TestAdminProductCRUD" name="test_update_product" time="0.287" /><testcase classname="backend.tests.test_wallet_photos_admin_crud.TestAdminProductCRUD" name="test_delete_product" time="0.279" /></testsuite></testsuites>